This file contains any messages produced by compilers while
running configure, to aid debugging if configure makes a mistake.

It was created by hashbase configure 1.0.0, which was
generated by GNU Autoconf 2.61.  Invocation command line was

  $ ./configure 

## --------- ##
## Platform. ##
## --------- ##

hostname = duchess
uname -m = i686
uname -r = 2.6.28-17-generic
uname -s = Linux
uname -v = #58-Ubuntu SMP Tue Dec 1 18:57:07 UTC 2009

/usr/bin/uname -p = unknown
/bin/uname -X     = unknown

/bin/arch              = unknown
/usr/bin/arch -k       = unknown
/usr/convex/getsysinfo = unknown
/usr/bin/hostinfo      = unknown
/bin/machine           = unknown
/usr/bin/oslevel       = unknown
/bin/universe          = unknown

PATH: /usr/local/sbin
PATH: /usr/local/bin
PATH: /usr/sbin
PATH: /usr/bin
PATH: /sbin
PATH: /bin
PATH: /usr/games


## ----------- ##
## Core tests. ##
## ----------- ##

configure:1783: checking for a BSD-compatible install
configure:1839: result: /usr/bin/install -c
configure:1850: checking whether build environment is sane
configure:1893: result: yes
configure:1921: checking for a thread-safe mkdir -p
configure:1960: result: /bin/mkdir -p
configure:1973: checking for gawk
configure:2003: result: no
configure:1973: checking for mawk
configure:1989: found /usr/bin/mawk
configure:2000: result: mawk
configure:2011: checking whether make sets $(MAKE)
configure:2032: result: yes
configure:2282: checking for g++
configure:2298: found /usr/bin/g++
configure:2309: result: g++
configure:2340: checking for C++ compiler version
configure:2347: g++ --version >&5
g++ (Ubuntu 4.3.3-5ubuntu4) 4.3.3
Copyright (C) 2008 Free Software Foundation, Inc.
This is free software; see the source for copying conditions.  There is NO
warranty; not even for MERCHANTABILITY or FITNESS FOR A PARTICULAR PURPOSE.

configure:2350: $? = 0
configure:2357: g++ -v >&5
Using built-in specs.
Target: i486-linux-gnu
Configured with: ../src/configure -v --with-pkgversion='Ubuntu 4.3.3-5ubuntu4' --with-bugurl=file:///usr/share/doc/gcc-4.3/README.Bugs --enable-languages=c,c++,fortran,objc,obj-c++ --prefix=/usr --enable-shared --with-system-zlib --libexecdir=/usr/lib --without-included-gettext --enable-threads=posix --enable-nls --with-gxx-include-dir=/usr/include/c++/4.3 --program-suffix=-4.3 --enable-clocale=gnu --enable-libstdcxx-debug --enable-objc-gc --enable-mpfr --enable-targets=all --with-tune=generic --enable-checking=release --build=i486-linux-gnu --host=i486-linux-gnu --target=i486-linux-gnu
Thread model: posix
gcc version 4.3.3 (Ubuntu 4.3.3-5ubuntu4) 
configure:2360: $? = 0
configure:2367: g++ -V >&5
g++: '-V' option must have argument
configure:2370: $? = 1
configure:2393: checking for C++ compiler default output file name
configure:2420: g++    conftest.cpp  >&5
configure:2423: $? = 0
configure:2461: result: a.out
configure:2478: checking whether the C++ compiler works
configure:2488: ./a.out
configure:2491: $? = 0
configure:2508: result: yes
configure:2515: checking whether we are cross compiling
configure:2517: result: no
configure:2520: checking for suffix of executables
configure:2527: g++ -o conftest    conftest.cpp  >&5
configure:2530: $? = 0
configure:2554: result: 
configure:2560: checking for suffix of object files
configure:2586: g++ -c   conftest.cpp >&5
configure:2589: $? = 0
configure:2612: result: o
configure:2616: checking whether we are using the GNU C++ compiler
configure:2645: g++ -c   conftest.cpp >&5
configure:2651: $? = 0
configure:2668: result: yes
configure:2673: checking whether g++ accepts -g
configure:2703: g++ -c -g  conftest.cpp >&5
configure:2709: $? = 0
configure:2808: result: yes
configure:2842: checking for style of include used by make
configure:2870: result: GNU
configure:2895: checking dependency style of g++
configure:2986: result: gcc3
configure:3014: checking for a BSD-compatible install
configure:3070: result: /usr/bin/install -c
configure:3134: checking for gcc
configure:3150: found /usr/bin/gcc
configure:3161: result: gcc
configure:3399: checking for C compiler version
configure:3406: gcc --version >&5
gcc (Ubuntu 4.3.3-5ubuntu4) 4.3.3
Copyright (C) 2008 Free Software Foundation, Inc.
This is free software; see the source for copying conditions.  There is NO
warranty; not even for MERCHANTABILITY or FITNESS FOR A PARTICULAR PURPOSE.

configure:3409: $? = 0
configure:3416: gcc -v >&5
Using built-in specs.
Target: i486-linux-gnu
Configured with: ../src/configure -v --with-pkgversion='Ubuntu 4.3.3-5ubuntu4' --with-bugurl=file:///usr/share/doc/gcc-4.3/README.Bugs --enable-languages=c,c++,fortran,objc,obj-c++ --prefix=/usr --enable-shared --with-system-zlib --libexecdir=/usr/lib --without-included-gettext --enable-threads=posix --enable-nls --with-gxx-include-dir=/usr/include/c++/4.3 --program-suffix=-4.3 --enable-clocale=gnu --enable-libstdcxx-debug --enable-objc-gc --enable-mpfr --enable-targets=all --with-tune=generic --enable-checking=release --build=i486-linux-gnu --host=i486-linux-gnu --target=i486-linux-gnu
Thread model: posix
gcc version 4.3.3 (Ubuntu 4.3.3-5ubuntu4) 
configure:3419: $? = 0
configure:3426: gcc -V >&5
gcc: '-V' option must have argument
configure:3429: $? = 1
configure:3432: checking whether we are using the GNU C compiler
configure:3461: gcc -c   conftest.c >&5
configure:3467: $? = 0
configure:3484: result: yes
configure:3489: checking whether gcc accepts -g
configure:3519: gcc -c -g  conftest.c >&5
configure:3525: $? = 0
configure:3624: result: yes
configure:3641: checking for gcc option to accept ISO C89
configure:3715: gcc  -c -g -O2  conftest.c >&5
configure:3721: $? = 0
configure:3744: result: none needed
configure:3764: checking dependency style of gcc
configure:3855: result: gcc3
configure:3879: checking for dirent.h that defines DIR
configure:3908: gcc -c -g -O2  conftest.c >&5
configure:3914: $? = 0
configure:3930: result: yes
configure:3943: checking for library containing opendir
configure:3984: gcc -o conftest -g -O2   conftest.c  >&5
configure:3990: $? = 0
configure:4018: result: none required
configure:4119: checking how to run the C preprocessor
configure:4159: gcc -E  conftest.c
configure:4165: $? = 0
configure:4196: gcc -E  conftest.c
conftest.c:11:28: error: ac_nonexistent.h: No such file or directory
configure:4202: $? = 1
configure: failed program was:
| /* confdefs.h.  */
| #define PACKAGE_NAME "hashbase"
| #define PACKAGE_TARNAME "hashbase"
| #define PACKAGE_VERSION "1.0.0"
| #define PACKAGE_STRING "hashbase 1.0.0"
| #define PACKAGE_BUGREPORT "sjm@cse.tamu.edu"
| #define PACKAGE "hashbase"
| #define VERSION "1.0.0"
| #define HAVE_DIRENT_H 1
| /* end confdefs.h.  */
| #include <ac_nonexistent.h>
configure:4235: result: gcc -E
configure:4264: gcc -E  conftest.c
configure:4270: $? = 0
configure:4301: gcc -E  conftest.c
conftest.c:11:28: error: ac_nonexistent.h: No such file or directory
configure:4307: $? = 1
configure: failed program was:
| /* confdefs.h.  */
| #define PACKAGE_NAME "hashbase"
| #define PACKAGE_TARNAME "hashbase"
| #define PACKAGE_VERSION "1.0.0"
| #define PACKAGE_STRING "hashbase 1.0.0"
| #define PACKAGE_BUGREPORT "sjm@cse.tamu.edu"
| #define PACKAGE "hashbase"
| #define VERSION "1.0.0"
| #define HAVE_DIRENT_H 1
| /* end confdefs.h.  */
| #include <ac_nonexistent.h>
configure:4345: checking for grep that handles long lines and -e
configure:4419: result: /bin/grep
configure:4424: checking for egrep
configure:4502: result: /bin/grep -E
configure:4507: checking for uid_t in sys/types.h
configure:4530: result: yes
configure:4545: checking for ANSI C header files
configure:4575: gcc -c -g -O2  conftest.c >&5
configure:4581: $? = 0
configure:4680: gcc -o conftest -g -O2   conftest.c  >&5
configure:4683: $? = 0
configure:4689: ./conftest
configure:4692: $? = 0
configure:4709: result: yes
configure:4733: checking for sys/types.h
configure:4754: gcc -c -g -O2  conftest.c >&5
configure:4760: $? = 0
configure:4776: result: yes
configure:4733: checking for sys/stat.h
configure:4754: gcc -c -g -O2  conftest.c >&5
configure:4760: $? = 0
configure:4776: result: yes
configure:4733: checking for stdlib.h
configure:4754: gcc -c -g -O2  conftest.c >&5
configure:4760: $? = 0
configure:4776: result: yes
configure:4733: checking for string.h
configure:4754: gcc -c -g -O2  conftest.c >&5
configure:4760: $? = 0
configure:4776: result: yes
configure:4733: checking for memory.h
configure:4754: gcc -c -g -O2  conftest.c >&5
configure:4760: $? = 0
configure:4776: result: yes
configure:4733: checking for strings.h
configure:4754: gcc -c -g -O2  conftest.c >&5
configure:4760: $? = 0
configure:4776: result: yes
configure:4733: checking for inttypes.h
configure:4754: gcc -c -g -O2  conftest.c >&5
configure:4760: $? = 0
configure:4776: result: yes
configure:4733: checking for stdint.h
configure:4754: gcc -c -g -O2  conftest.c >&5
configure:4760: $? = 0
configure:4776: result: yes
configure:4733: checking for unistd.h
configure:4754: gcc -c -g -O2  conftest.c >&5
configure:4760: $? = 0
configure:4776: result: yes
configure:4788: checking for pid_t
configure:4818: gcc -c -g -O2  conftest.c >&5
configure:4824: $? = 0
configure:4839: result: yes
configure:4853: checking for ANSI C header files
configure:5017: result: yes
configure:5031: checking for strcpy
configure:5087: gcc -o conftest -g -O2   conftest.c  >&5
conftest.c:45: warning: conflicting types for built-in function 'strcpy'
configure:5093: $? = 0
configure:5111: result: yes
configure:5246: creating ./config.status

## ---------------------- ##
## Running config.status. ##
## ---------------------- ##

This file was extended by hashbase config.status 1.0.0, which was
generated by GNU Autoconf 2.61.  Invocation command line was

  CONFIG_FILES    = 
  CONFIG_HEADERS  = 
  CONFIG_LINKS    = 
  CONFIG_COMMANDS = 
  $ ./config.status 

on duchess

config.status:641: creating Makefile
config.status:641: creating config.h
config.status:870: config.h is unchanged
config.status:917: executing depfiles commands

## ---------------- ##
## Cache variables. ##
## ---------------- ##

ac_cv_c_compiler_gnu=yes
ac_cv_cxx_compiler_gnu=yes
ac_cv_env_CCC_set=
ac_cv_env_CCC_value=
ac_cv_env_CC_set=
ac_cv_env_CC_value=
ac_cv_env_CFLAGS_set=
ac_cv_env_CFLAGS_value=
ac_cv_env_CPPFLAGS_set=
ac_cv_env_CPPFLAGS_value=
ac_cv_env_CPP_set=
ac_cv_env_CPP_value=
ac_cv_env_CXXFLAGS_set=
ac_cv_env_CXXFLAGS_value=
ac_cv_env_CXX_set=
ac_cv_env_CXX_value=
ac_cv_env_LDFLAGS_set=
ac_cv_env_LDFLAGS_value=
ac_cv_env_LIBS_set=
ac_cv_env_LIBS_value=
ac_cv_env_build_alias_set=
ac_cv_env_build_alias_value=
ac_cv_env_host_alias_set=
ac_cv_env_host_alias_value=
ac_cv_env_target_alias_set=
ac_cv_env_target_alias_value=
ac_cv_func_strcpy=yes
ac_cv_header_dirent_dirent_h=yes
ac_cv_header_inttypes_h=yes
ac_cv_header_memory_h=yes
ac_cv_header_stdc=yes
ac_cv_header_stdint_h=yes
ac_cv_header_stdlib_h=yes
ac_cv_header_string_h=yes
ac_cv_header_strings_h=yes
ac_cv_header_sys_stat_h=yes
ac_cv_header_sys_types_h=yes
ac_cv_header_unistd_h=yes
ac_cv_objext=o
ac_cv_path_EGREP='/bin/grep -E'
ac_cv_path_GREP=/bin/grep
ac_cv_path_install='/usr/bin/install -c'
ac_cv_path_mkdir=/bin/mkdir
ac_cv_prog_AWK=mawk
ac_cv_prog_CPP='gcc -E'
ac_cv_prog_ac_ct_CC=gcc
ac_cv_prog_ac_ct_CXX=g++
ac_cv_prog_cc_c89=
ac_cv_prog_cc_g=yes
ac_cv_prog_cxx_g=yes
ac_cv_prog_make_make_set=yes
ac_cv_search_opendir='none required'
ac_cv_type_pid_t=yes
ac_cv_type_uid_t=yes
am_cv_CC_dependencies_compiler_type=gcc3
am_cv_CXX_dependencies_compiler_type=gcc3

## ----------------- ##
## Output variables. ##
## ----------------- ##

ACLOCAL='${SHELL} /home/smatthews/Documents/mrsrf-1.0/hashbase/missing --run aclocal-1.10'
AMDEPBACKSLASH='\'
AMDEP_FALSE='#'
AMDEP_TRUE=''
AMTAR='${SHELL} /home/smatthews/Documents/mrsrf-1.0/hashbase/missing --run tar'
AUTOCONF='${SHELL} /home/smatthews/Documents/mrsrf-1.0/hashbase/missing --run autoconf'
AUTOHEADER='${SHELL} /home/smatthews/Documents/mrsrf-1.0/hashbase/missing --run autoheader'
AUTOMAKE='${SHELL} /home/smatthews/Documents/mrsrf-1.0/hashbase/missing --run automake-1.10'
AWK='mawk'
CC='gcc'
CCDEPMODE='depmode=gcc3'
CFLAGS='-g -O2'
CPP='gcc -E'
CPPFLAGS=''
CXX='g++'
CXXDEPMODE='depmode=gcc3'
CXXFLAGS='-g -O2'
CYGPATH_W='echo'
DEFS='-DHAVE_CONFIG_H'
DEPDIR='.deps'
ECHO_C=''
ECHO_N='-n'
ECHO_T=''
EGREP='/bin/grep -E'
EXEEXT=''
GREP='/bin/grep'
INSTALL_DATA='${INSTALL} -m 644'
INSTALL_PROGRAM='${INSTALL}'
INSTALL_SCRIPT='${INSTALL}'
INSTALL_STRIP_PROGRAM='$(install_sh) -c -s'
LDFLAGS=''
LIBOBJS=''
LIBS=''
LTLIBOBJS=''
MAKEINFO='${SHELL} /home/smatthews/Documents/mrsrf-1.0/hashbase/missing --run makeinfo'
OBJEXT='o'
PACKAGE='hashbase'
PACKAGE_BUGREPORT='sjm@cse.tamu.edu'
PACKAGE_NAME='hashbase'
PACKAGE_STRING='hashbase 1.0.0'
PACKAGE_TARNAME='hashbase'
PACKAGE_VERSION='1.0.0'
PATH_SEPARATOR=':'
SET_MAKE=''
SHELL='/bin/bash'
STRIP=''
VERSION='1.0.0'
ac_ct_CC='gcc'
ac_ct_CXX='g++'
am__fastdepCC_FALSE='#'
am__fastdepCC_TRUE=''
am__fastdepCXX_FALSE='#'
am__fastdepCXX_TRUE=''
am__include='include'
am__isrc=''
am__leading_dot='.'
am__quote=''
am__tar='${AMTAR} chof - "$$tardir"'
am__untar='${AMTAR} xf -'
bindir='${exec_prefix}/bin'
build_alias=''
datadir='${datarootdir}'
datarootdir='${prefix}/share'
docdir='${datarootdir}/doc/${PACKAGE_TARNAME}'
dvidir='${docdir}'
exec_prefix='${prefix}'
host_alias=''
htmldir='${docdir}'
includedir='${prefix}/include'
infodir='${datarootdir}/info'
install_sh='$(SHELL) /home/smatthews/Documents/mrsrf-1.0/hashbase/install-sh'
libdir='${exec_prefix}/lib'
libexecdir='${exec_prefix}/libexec'
localedir='${datarootdir}/locale'
localstatedir='${prefix}/var'
mandir='${datarootdir}/man'
mkdir_p='/bin/mkdir -p'
oldincludedir='/usr/include'
pdfdir='${docdir}'
prefix='/usr/local'
program_transform_name='s,x,x,'
psdir='${docdir}'
sbindir='${exec_prefix}/sbin'
sharedstatedir='${prefix}/com'
sysconfdir='${prefix}/etc'
target_alias=''

## ----------- ##
## confdefs.h. ##
## ----------- ##

#define PACKAGE_NAME "hashbase"
#define PACKAGE_TARNAME "hashbase"
#define PACKAGE_VERSION "1.0.0"
#define PACKAGE_STRING "hashbase 1.0.0"
#define PACKAGE_BUGREPORT "sjm@cse.tamu.edu"
#define PACKAGE "hashbase"
#define VERSION "1.0.0"
#define HAVE_DIRENT_H 1
#define STDC_HEADERS 1
#define HAVE_SYS_TYPES_H 1
#define HAVE_SYS_STAT_H 1
#define HAVE_STDLIB_H 1
#define HAVE_STRING_H 1
#define HAVE_MEMORY_H 1
#define HAVE_STRINGS_H 1
#define HAVE_INTTYPES_H 1
#define HAVE_STDINT_H 1
#define HAVE_UNISTD_H 1
#define STDC_HEADERS 1
#define HAVE_STRCPY 1

configure: exit 0
